<?xml version="1.0" encoding="UTF-8"?>
<!-- Generated by org.testng.reporters.JUnitReportReporter -->
<testsuite skipped="0" hostname="LAPTOP-NI13VV42" name="com.qa.tests.DemoTest" tests="4" failures="0" timestamp="08 Mar 2019 19:04:41 GMT" time="0.028" errors="0">
  <testcase name="sum" time="0.002" classname="com.qa.tests.DemoTest"/>
  <testcase name="multi" time="0.003" classname="com.qa.tests.DemoTest"/>
  <testcase name="sub" time="0.002" classname="com.qa.tests.DemoTest"/>
  <testcase name="div" time="0.021" classname="com.qa.tests.DemoTest"/>
</testsuite> <!-- com.qa.tests.DemoTest -->
