<?xml version="1.0" encoding="UTF-8"?>
<!-- Generated by org.testng.reporters.JUnitReportReporter -->
<testsuite skipped="0" hostname="LAPTOP-NI13VV42" name="com.qa.tests.DemoTest" tests="4" failures="0" timestamp="08 Mar 2019 19:10:15 GMT" time="0.015" errors="0">
  <testcase name="sum" time="0.001" classname="com.qa.tests.DemoTest"/>
  <testcase name="sub" time="0.000" classname="com.qa.tests.DemoTest"/>
  <testcase name="div" time="0.014" classname="com.qa.tests.DemoTest"/>
  <testcase name="multi" time="0.000" classname="com.qa.tests.DemoTest"/>
</testsuite> <!-- com.qa.tests.DemoTest -->
